<?xml version="1.0" encoding="utf-8"?><testsuites name="pytest tests"><testsuite name="pytest" errors="0" failures="0" skipped="0" tests="19" time="5.051" timestamp="2026-05-07T23:02:31.412146+00:00" hostname="agent-env-544fbdbd-8a17-4864-9040-8c6992d3fc84"><testcase classname="backend.tests.test_tsv_backend.TestAuth" name="test_login_admin1" time="0.635" /><testcase classname="backend.tests.test_tsv_backend.TestAuth" name="test_login_admin2" time="0.449" /><testcase classname="backend.tests.test_tsv_backend.TestAuth" name="test_login_bad" time="0.463" /><testcase classname="backend.tests.test_tsv_backend.TestAuth" name="test_me_with_token" time="0.580" /><testcase classname="backend.tests.test_tsv_backend.TestAuth" name="test_me_no_token" time="0.123" /><testcase classname="backend.tests.test_tsv_backend.TestFeedback" name="test_create_anonymous" time="0.128" /><testcase classname="backend.tests.test_tsv_backend.TestFeedback" name="test_create_named" time="0.114" /><testcase classname="backend.tests.test_tsv_backend.TestFeedback" name="test_create_invalid_shift" time="0.141" /><testcase classname="backend.tests.test_tsv_backend.TestFeedback" name="test_create_invalid_category" time="0.169" /><testcase classname="backend.tests.test_tsv_backend.TestFeedback" name="test_create_invalid_severity" time="0.121" /><testcase classname="backend.tests.test_tsv_backend.TestFeedback" name="test_list_requires_auth" time="0.133" /><testcase classname="backend.tests.test_tsv_backend.TestFeedback" name="test_list_with_filters" time="0.185" /><testcase classname="backend.tests.test_tsv_backend.TestFeedback" name="test_list_search" time="0.113" /><testcase classname="backend.tests.test_tsv_backend.TestFeedback" name="test_stats" time="0.133" /><testcase classname="backend.tests.test_tsv_backend.TestFeedback" name="test_review_toggle" time="0.334" /><testcase classname="backend.tests.test_tsv_backend.TestFeedback" name="test_review_404" time="0.157" /><testcase classname="backend.tests.test_tsv_backend.TestFeedback" name="test_export_csv" time="0.131" /><testcase classname="backend.tests.test_tsv_backend.TestFeedback" name="test_export_pdf" time="0.197" /><testcase classname="backend.tests.test_tsv_backend.TestFeedback" name="test_delete_and_404" time="0.381" /></testsuite></testsuites>